0 info it worked if it ends with ok
1 verbose cli [ 'node', '/usr/local/bin/npm', 'install', '--save-dev', 'gulp' ]
2 info using npm@2.7.4
3 info using node@v0.12.2
4 silly cache add args [ 'gulp', null ]
5 verbose cache add spec gulp
6 silly cache add parsed spec { raw: 'gulp',
6 silly cache add   scope: null,
6 silly cache add   name: 'gulp',
6 silly cache add   rawSpec: '',
6 silly cache add   spec: '*',
6 silly cache add   type: 'range' }
7 verbose addNamed gulp@*
8 silly addNamed semver.valid null
9 silly addNamed semver.validRange *
10 silly addNameRange { name: 'gulp', range: '*', hasData: false }
11 silly mapToRegistry name gulp
12 silly mapToRegistry using default registry
13 silly mapToRegistry registry https://registry.npmjs.org/
14 silly mapToRegistry uri https://registry.npmjs.org/gulp
15 verbose addNameRange registry:https://registry.npmjs.org/gulp not in flight; fetching
16 verbose request uri https://registry.npmjs.org/gulp
17 verbose request no auth needed
18 info attempt registry request try #1 at 5:50:49 PM
19 verbose request id 45c45a85e599ca23
20 verbose etag "2S58I8O19M4S57D3B1QXRJGTE"
21 http request GET https://registry.npmjs.org/gulp
22 http 200 https://registry.npmjs.org/gulp
23 silly get cb [ 200,
23 silly get   { server: 'CouchDB/1.5.0 (Erlang OTP/R16B03)',
23 silly get     etag: '"4HRBFUM99DG9B9A5H4OSITU83"',
23 silly get     'content-type': 'application/json',
23 silly get     'cache-control': 'max-age=60',
23 silly get     'content-length': '105446',
23 silly get     'accept-ranges': 'bytes',
23 silly get     date: 'Wed, 19 Aug 2015 21:50:43 GMT',
23 silly get     via: '1.1 varnish',
23 silly get     age: '5',
23 silly get     connection: 'keep-alive',
23 silly get     'x-served-by': 'cache-atl6224-ATL',
23 silly get     'x-cache': 'HIT',
23 silly get     'x-cache-hits': '1',
23 silly get     'x-timer': 'S1440021043.353273,VS0,VE2',
23 silly get     vary: 'Accept' } ]
24 verbose get saving gulp to /Users/francis_bongiovanni/.npm/registry.npmjs.org/gulp/.cache.json
25 silly addNameRange number 2 { name: 'gulp', range: '*', hasData: true }
26 silly addNameRange versions [ 'gulp',
26 silly addNameRange   [ '0.0.1',
26 silly addNameRange     '0.0.2',
26 silly addNameRange     '0.0.3',
26 silly addNameRange     '0.0.4',
26 silly addNameRange     '0.0.5',
26 silly addNameRange     '0.0.7',
26 silly addNameRange     '0.0.8',
26 silly addNameRange     '0.0.9',
26 silly addNameRange     '0.1.0',
26 silly addNameRange     '0.2.0',
26 silly addNameRange     '1.0.0',
26 silly addNameRange     '1.1.0',
26 silly addNameRange     '1.2.0',
26 silly addNameRange     '1.2.1',
26 silly addNameRange     '2.0.0',
26 silly addNameRange     '2.0.1',
26 silly addNameRange     '2.1.0',
26 silly addNameRange     '2.2.0',
26 silly addNameRange     '2.3.0',
26 silly addNameRange     '2.4.0',
26 silly addNameRange     '2.4.1',
26 silly addNameRange     '2.6.0',
26 silly addNameRange     '2.6.1',
26 silly addNameRange     '2.7.0',
26 silly addNameRange     '3.0.0',
26 silly addNameRange     '3.1.1',
26 silly addNameRange     '3.1.2',
26 silly addNameRange     '3.1.3',
26 silly addNameRange     '3.1.4',
26 silly addNameRange     '3.2.0',
26 silly addNameRange     '3.2.1',
26 silly addNameRange     '3.2.2',
26 silly addNameRange     '3.2.3',
26 silly addNameRange     '3.2.4',
26 silly addNameRange     '3.2.5',
26 silly addNameRange     '3.3.0',
26 silly addNameRange     '3.3.1',
26 silly addNameRange     '3.3.2',
26 silly addNameRange     '3.3.4',
26 silly addNameRange     '3.4.0',
26 silly addNameRange     '3.5.0',
26 silly addNameRange     '3.5.1',
26 silly addNameRange     '3.5.2',
26 silly addNameRange     '3.5.5',
26 silly addNameRange     '3.5.6',
26 silly addNameRange     '3.6.0',
26 silly addNameRange     '3.6.1',
26 silly addNameRange     '3.6.2',
26 silly addNameRange     '3.7.0',
26 silly addNameRange     '3.8.0',
26 silly addNameRange     '3.8.1',
26 silly addNameRange     '3.8.2',
26 silly addNameRange     '3.8.3',
26 silly addNameRange     '3.8.4',
26 silly addNameRange     '3.8.5',
26 silly addNameRange     '3.8.6',
26 silly addNameRange     '3.8.7',
26 silly addNameRange     '3.8.8',
26 silly addNameRange     '3.8.9',
26 silly addNameRange     '3.8.10',
26 silly addNameRange     '3.8.11',
26 silly addNameRange     '3.9.0' ] ]
27 verbose addNamed gulp@3.9.0
28 silly addNamed semver.valid 3.9.0
29 silly addNamed semver.validRange 3.9.0
30 silly cache afterAdd gulp@3.9.0
31 verbose afterAdd /Users/francis_bongiovanni/.npm/gulp/3.9.0/package/package.json not in flight; writing
32 verbose afterAdd /Users/francis_bongiovanni/.npm/gulp/3.9.0/package/package.json written
33 silly install resolved [ { name: 'gulp',
33 silly install resolved     description: 'The streaming build system',
33 silly install resolved     version: '3.9.0',
33 silly install resolved     homepage: 'http://gulpjs.com',
33 silly install resolved     repository: { type: 'git', url: 'git+https://github.com/gulpjs/gulp.git' },
33 silly install resolved     author:
33 silly install resolved      { name: 'Fractal',
33 silly install resolved        email: 'contact@wearefractal.com',
33 silly install resolved        url: 'http://wearefractal.com/' },
33 silly install resolved     tags: [ 'build', 'stream', 'system', 'make', 'tool', 'asset', 'pipeline' ],
33 silly install resolved     files: [ 'index.js', 'lib', 'bin', 'completion' ],
33 silly install resolved     bin: { gulp: './bin/gulp.js' },
33 silly install resolved     man: [ 'gulp.1' ],
33 silly install resolved     dependencies:
33 silly install resolved      { archy: '^1.0.0',
33 silly install resolved        chalk: '^1.0.0',
33 silly install resolved        deprecated: '^0.0.1',
33 silly install resolved        'gulp-util': '^3.0.0',
33 silly install resolved        interpret: '^0.6.2',
33 silly install resolved        liftoff: '^2.1.0',
33 silly install resolved        minimist: '^1.1.0',
33 silly install resolved        orchestrator: '^0.3.0',
33 silly install resolved        'pretty-hrtime': '^1.0.0',
33 silly install resolved        semver: '^4.1.0',
33 silly install resolved        tildify: '^1.0.0',
33 silly install resolved        v8flags: '^2.0.2',
33 silly install resolved        'vinyl-fs': '^0.3.0' },
33 silly install resolved     devDependencies:
33 silly install resolved      { coveralls: '^2.7.0',
33 silly install resolved        'graceful-fs': '^3.0.0',
33 silly install resolved        istanbul: '^0.3.0',
33 silly install resolved        jscs: '~1.12.0',
33 silly install resolved        jshint: '^2.5.0',
33 silly install resolved        'jshint-stylish': '^1.0.0',
33 silly install resolved        'marked-man': '^0.1.3',
33 silly install resolved        mkdirp: '^0.5.0',
33 silly install resolved        mocha: '^2.0.1',
33 silly install resolved        'mocha-lcov-reporter': '^0.0.1',
33 silly install resolved        q: '^1.0.0',
33 silly install resolved        rimraf: '^2.2.5',
33 silly install resolved        should: '^5.0.1' },
33 silly install resolved     scripts:
33 silly install resolved      { prepublish: 'marked-man --name gulp docs/CLI.md > gulp.1',
33 silly install resolved        lint: 'jshint lib bin test index.js --reporter node_modules/jshint-stylish/stylish.js --exclude node_modules && jscs lib bin test index.js',
33 silly install resolved        test: 'npm run-script lint && mocha --reporter spec',
33 silly install resolved        coveralls: 'istanbul cover _mocha --report lcovonly -- -R spec && cat ./coverage/lcov.info | coveralls && rm -rf ./coverage' },
33 silly install resolved     engines: { node: '>= 0.9' },
33 silly install resolved     license: 'MIT',
33 silly install resolved     gitHead: '657213a52d5e9c19b85df6a42f76341a98c08ae8',
33 silly install resolved     bugs: { url: 'https://github.com/gulpjs/gulp/issues' },
33 silly install resolved     _id: 'gulp@3.9.0',
33 silly install resolved     _shasum: 'cf1fba4cb558bb8c6ae6c9613f583ae2620d214a',
33 silly install resolved     _from: 'gulp@*',
33 silly install resolved     _npmVersion: '2.8.3',
33 silly install resolved     _nodeVersion: '0.10.36',
33 silly install resolved     _npmUser: { name: 'phated', email: 'blaine@iceddev.com' },
33 silly install resolved     maintainers: [ [Object], [Object] ],
33 silly install resolved     dist:
33 silly install resolved      { shasum: 'cf1fba4cb558bb8c6ae6c9613f583ae2620d214a',
33 silly install resolved        tarball: 'http://registry.npmjs.org/gulp/-/gulp-3.9.0.tgz' },
33 silly install resolved     directories: {},
33 silly install resolved     _resolved: 'https://registry.npmjs.org/gulp/-/gulp-3.9.0.tgz',
33 silly install resolved     readme: 'ERROR: No README data found!' } ]
34 info install gulp@3.9.0 into /Users/francis_bongiovanni/wdi/wk1/project1/css
35 info installOne gulp@3.9.0
36 verbose installOne of gulp to /Users/francis_bongiovanni/wdi/wk1/project1/css not in flight; installing
37 warn locking Error: EACCES, open '/Users/francis_bongiovanni/.npm/_locks/gulp-f0ed3c2f50f042d0.lock'
37 warn locking     at Error (native)
37 warn locking  /Users/francis_bongiovanni/.npm/_locks/gulp-f0ed3c2f50f042d0.lock failed { [Error: EACCES, open '/Users/francis_bongiovanni/.npm/_locks/gulp-f0ed3c2f50f042d0.lock']
37 warn locking   errno: -13,
37 warn locking   code: 'EACCES',
37 warn locking   path: '/Users/francis_bongiovanni/.npm/_locks/gulp-f0ed3c2f50f042d0.lock' }
38 verbose stack Error: Attempt to unlock /Users/francis_bongiovanni/wdi/wk1/project1/css/node_modules/gulp, which hasn't been locked
38 verbose stack     at unlock (/usr/local/lib/node_modules/npm/lib/utils/locker.js:66:11)
38 verbose stack     at cb (/usr/local/lib/node_modules/npm/lib/install.js:1004:5)
38 verbose stack     at /usr/local/lib/node_modules/npm/lib/install.js:1008:20
38 verbose stack     at /usr/local/lib/node_modules/npm/lib/utils/locker.js:40:9
38 verbose stack     at cb (/usr/local/lib/node_modules/npm/node_modules/lockfile/lockfile.js:149:38)
38 verbose stack     at /usr/local/lib/node_modules/npm/node_modules/lockfile/lockfile.js:177:38
38 verbose stack     at FSReqWrap.oncomplete (fs.js:95:15)
39 verbose cwd /Users/francis_bongiovanni/wdi/wk1/project1/css
40 error Darwin 13.4.0
41 error argv "node" "/usr/local/bin/npm" "install" "--save-dev" "gulp"
42 error node v0.12.2
43 error npm  v2.7.4
44 error Attempt to unlock /Users/francis_bongiovanni/wdi/wk1/project1/css/node_modules/gulp, which hasn't been locked
45 error If you need help, you may report this error at:
45 error     <https://github.com/npm/npm/issues>
46 verbose exit [ 1, true ]
